camera_utils.c: Error!
color_core.c: Error!
Error: EMPTY_LINE_EOF       (line:  45, col:   1):	Empty line at end of file
color_utils.c: Error!
hit_core.c: Error!
hit_cylinder.c: Error!
hit_plane.c: Error!
hit_sphere.c: Error!
init.c: Error!
main.c: Error!
Error: INCLUDE_START_FILE   (line:  54, col:   1):	Include must be at the start of file
Error: SPACE_BEFORE_FUNC    (line:  56, col:   5):	space before function name
Error: NO_ARGS_VOID         (line:  56, col:  14):	Empty function argument requires void
Error: BRACE_NEWLINE        (line:  56, col:  16):	Expected newline before brace
Error: SPACE_REPLACE_TAB    (line:  57, col:   9):	Found space when expecting tab
Error: SPACE_REPLACE_TAB    (line:  58, col:  10):	Found space when expecting tab
Error: MISALIGNED_VAR_DECL  (line:  58, col:  11):	Misaligned variable declaration
Error: DECL_ASSIGN_LINE     (line:  58, col:  15):	Declaration and assignation on a single line
Error: NL_AFTER_VAR_DECL    (line:  59, col:   1):	Variable declarations must be followed by a newline
Error: TOO_MANY_LINES       (line:  93, col:   1):	Function has more than 25 lines
parser_copy.c: Error!
parser_core.c: Error!
parser_obj_hittable.c: Error!
parser_obj_scene.c: Error!
parser_strtod.c: Error!
parser_utils.c: Error!
ray.c: Error!
render_utils.c: Error!
Error: CONSECUTIVE_NEWLINES (line:  15, col:   1):	Consecutive newlines
utils.c: Error!
vec3d_core.c: Error!
vec3d_products.c: Error!
vec3d_utils.c: Error!
